08-01-2021 09:11:39.119 [Gauge] [ERROR] Unable to add directory /Users/cigdem/Downloads/UI_TEST/specs to file watcher: lstat /Users/cigdem/Downloads/UI_TEST/specs: no such file or directory
08-01-2021 09:11:39.121 [Gauge] [INFO] Initializing concepts cache with 1 concepts
08-01-2021 09:11:39.121 [Gauge] [DEBUG] Adding concepts from /Users/cigdem/Downloads/UI_TEST/src/test/java/Scenarios/Concept.cpt
08-01-2021 09:11:39.121 [Gauge] [INFO] Initializing specs cache with 0 specs
08-01-2021 09:11:39.121 [Gauge] [INFO] Initializing steps cache with 1 steps
08-01-2021 09:11:39.121 [Gauge] [INFO] Gauge daemon initialized and listening on port: 55006
08-01-2021 10:04:39.788 [Gauge] [ERROR] Unable to add directory /Users/cigdem/Downloads/UI_TEST/specs to file watcher: lstat /Users/cigdem/Downloads/UI_TEST/specs: no such file or directory
08-01-2021 10:04:39.792 [Gauge] [INFO] Initializing concepts cache with 1 concepts
08-01-2021 10:04:39.792 [Gauge] [DEBUG] Adding concepts from /Users/cigdem/Downloads/UI_TEST/src/test/java/Scenarios/Concept.cpt
08-01-2021 10:04:39.792 [Gauge] [INFO] Initializing specs cache with 0 specs
08-01-2021 10:04:39.792 [Gauge] [INFO] Initializing steps cache with 1 steps
08-01-2021 10:04:39.793 [Gauge] [INFO] Gauge daemon initialized and listening on port: 51296
08-01-2021 10:06:15.562 [Gauge] [DEBUG] Api Request Received: messageType:GetStepValueRequest messageId:4 stepValueRequest:<stepText:"Ev&Ya\305\237am tab\304\261na t\304\261klan\304\261r" > 
08-01-2021 10:06:15.563 [Gauge] [DEBUG] Sending API response: messageType:GetStepValueResponse messageId:4 stepValueResponse:<stepValue:<stepValue:"Ev&Ya\305\237am tab\304\261na t\304\261klan\304\261r" parameterizedStepValue:"Ev&Ya\305\237am tab\304\261na t\304\261klan\304\261r" > > 
08-01-2021 10:06:15.567 [Gauge] [DEBUG] Api Request Received: messageType:GetStepValueRequest messageId:4 stepValueRequest:<stepText:"Eposta \"deneme_55@mailinator.com\" ve Password \"deneme123\" bilgileri ile giri\305\237 yap\304\261l\304\261r" > 
08-01-2021 10:06:15.568 [Gauge] [DEBUG] Sending API response: messageType:GetStepValueResponse messageId:4 stepValueResponse:<stepValue:<stepValue:"Eposta {} ve Password {} bilgileri ile giri\305\237 yap\304\261l\304\261r" parameterizedStepValue:"Eposta <deneme_55@mailinator.com> ve Password <deneme123> bilgileri ile giri\305\237 yap\304\261l\304\261r" parameters:"deneme_55@mailinator.com" parameters:"deneme123" > > 
08-01-2021 10:06:15.682 [Gauge] [DEBUG] Api Request Received: messageType:GetStepValueRequest messageId:4 stepValueRequest:<stepText:"Giri\305\237teki popup kapat\304\261l\304\261r" > 
08-01-2021 10:06:15.682 [Gauge] [DEBUG] Sending API response: messageType:GetStepValueResponse messageId:4 stepValueResponse:<stepValue:<stepValue:"Giri\305\237teki popup kapat\304\261l\304\261r" parameterizedStepValue:"Giri\305\237teki popup kapat\304\261l\304\261r" > > 
08-01-2021 10:06:15.683 [Gauge] [DEBUG] Api Request Received: messageType:GetStepValueRequest messageId:4 stepValueRequest:<stepText:"Giri\305\237teki popup kapat\304\261l\304\261r" > 
08-01-2021 10:06:15.683 [Gauge] [DEBUG] Sending API response: messageType:GetStepValueResponse messageId:4 stepValueResponse:<stepValue:<stepValue:"Giri\305\237teki popup kapat\304\261l\304\261r" parameterizedStepValue:"Giri\305\237teki popup kapat\304\261l\304\261r" > > 
08-01-2021 10:06:15.683 [Gauge] [DEBUG] Api Request Received: messageType:GetStepValueRequest messageId:4 stepValueRequest:<stepText:"Giri\305\237 yap iconun \303\274zerine gelinir" > 
08-01-2021 10:06:15.683 [Gauge] [DEBUG] Sending API response: messageType:GetStepValueResponse messageId:4 stepValueResponse:<stepValue:<stepValue:"Giri\305\237 yap iconun \303\274zerine gelinir" parameterizedStepValue:"Giri\305\237 yap iconun \303\274zerine gelinir" > > 
08-01-2021 10:06:15.683 [Gauge] [DEBUG] Api Request Received: messageType:GetStepValueRequest messageId:4 stepValueRequest:<stepText:"Giri\305\237 yap iconun \303\274zerine gelinir" > 
08-01-2021 10:06:15.683 [Gauge] [DEBUG] Sending API response: messageType:GetStepValueResponse messageId:4 stepValueResponse:<stepValue:<stepValue:"Giri\305\237 yap iconun \303\274zerine gelinir" parameterizedStepValue:"Giri\305\237 yap iconun \303\274zerine gelinir" > > 
08-01-2021 10:06:15.684 [Gauge] [DEBUG] Api Request Received: messageType:GetStepValueRequest messageId:4 stepValueRequest:<stepText:"Giri\305\237 yap butona t\304\261klan\304\261r" > 
08-01-2021 10:06:15.684 [Gauge] [DEBUG] Sending API response: messageType:GetStepValueResponse messageId:4 stepValueResponse:<stepValue:<stepValue:"Giri\305\237 yap butona t\304\261klan\304\261r" parameterizedStepValue:"Giri\305\237 yap butona t\304\261klan\304\261r" > > 
08-01-2021 10:06:15.684 [Gauge] [DEBUG] Api Request Received: messageType:GetStepValueRequest messageId:4 stepValueRequest:<stepText:"Eposta giri\305\237i <eposta> yap\304\261l\304\261r" > 
08-01-2021 10:06:15.684 [Gauge] [DEBUG] Sending API response: messageType:GetStepValueResponse messageId:4 stepValueResponse:<stepValue:<stepValue:"Eposta giri\305\237i {} yap\304\261l\304\261r" parameterizedStepValue:"Eposta giri\305\237i <eposta> yap\304\261l\304\261r" parameters:"eposta" > > 
08-01-2021 10:06:15.685 [Gauge] [DEBUG] Api Request Received: messageType:GetStepValueRequest messageId:4 stepValueRequest:<stepText:"Eposta giri\305\237i <eposta> yap\304\261l\304\261r" > 
08-01-2021 10:06:15.685 [Gauge] [DEBUG] Sending API response: messageType:GetStepValueResponse messageId:4 stepValueResponse:<stepValue:<stepValue:"Eposta giri\305\237i {} yap\304\261l\304\261r" parameterizedStepValue:"Eposta giri\305\237i <eposta> yap\304\261l\304\261r" parameters:"eposta" > > 
08-01-2021 10:06:15.686 [Gauge] [DEBUG] Api Request Received: messageType:GetStepValueRequest messageId:4 stepValueRequest:<stepText:"Password giri\305\237i <password> yap\304\261l\304\261r" > 
08-01-2021 10:06:15.687 [Gauge] [DEBUG] Sending API response: messageType:GetStepValueResponse messageId:4 stepValueResponse:<stepValue:<stepValue:"Password giri\305\237i {} yap\304\261l\304\261r" parameterizedStepValue:"Password giri\305\237i <password> yap\304\261l\304\261r" parameters:"password" > > 
08-01-2021 10:06:15.689 [Gauge] [DEBUG] Api Request Received: messageType:GetStepValueRequest messageId:4 stepValueRequest:<stepText:"Password giri\305\237i <password> yap\304\261l\304\261r" > 
08-01-2021 10:06:15.689 [Gauge] [DEBUG] Sending API response: messageType:GetStepValueResponse messageId:4 stepValueResponse:<stepValue:<stepValue:"Password giri\305\237i {} yap\304\261l\304\261r" parameterizedStepValue:"Password giri\305\237i <password> yap\304\261l\304\261r" parameters:"password" > > 
08-01-2021 10:06:15.690 [Gauge] [DEBUG] Api Request Received: messageType:GetStepValueRequest messageId:4 stepValueRequest:<stepText:"Login butonuna bas\304\261l\304\261r" > 
08-01-2021 10:06:15.690 [Gauge] [DEBUG] Sending API response: messageType:GetStepValueResponse messageId:4 stepValueResponse:<stepValue:<stepValue:"Login butonuna bas\304\261l\304\261r" parameterizedStepValue:"Login butonuna bas\304\261l\304\261r" > > 
08-01-2021 10:06:15.691 [Gauge] [DEBUG] Api Request Received: messageType:GetStepValueRequest messageId:4 stepValueRequest:<stepText:"Login butonuna bas\304\261l\304\261r" > 
08-01-2021 10:06:15.691 [Gauge] [DEBUG] Sending API response: messageType:GetStepValueResponse messageId:4 stepValueResponse:<stepValue:<stepValue:"Login butonuna bas\304\261l\304\261r" parameterizedStepValue:"Login butonuna bas\304\261l\304\261r" > > 
08-01-2021 10:06:15.692 [Gauge] [DEBUG] Api Request Received: messageType:GetStepValueRequest messageId:4 stepValueRequest:<stepText:"Login sonras\304\261 \303\247\304\261kan popup kapat\304\261l\304\261r" > 
08-01-2021 10:06:15.692 [Gauge] [DEBUG] Sending API response: messageType:GetStepValueResponse messageId:4 stepValueResponse:<stepValue:<stepValue:"Login sonras\304\261 \303\247\304\261kan popup kapat\304\261l\304\261r" parameterizedStepValue:"Login sonras\304\261 \303\247\304\261kan popup kapat\304\261l\304\261r" > > 
08-01-2021 10:06:15.692 [Gauge] [DEBUG] Api Request Received: messageType:GetStepValueRequest messageId:4 stepValueRequest:<stepText:"Login sonras\304\261 \303\247\304\261kan popup kapat\304\261l\304\261r" > 
08-01-2021 10:06:15.692 [Gauge] [DEBUG] Sending API response: messageType:GetStepValueResponse messageId:4 stepValueResponse:<stepValue:<stepValue:"Login sonras\304\261 \303\247\304\261kan popup kapat\304\261l\304\261r" parameterizedStepValue:"Login sonras\304\261 \303\247\304\261kan popup kapat\304\261l\304\261r" > > 
08-01-2021 10:06:15.693 [Gauge] [DEBUG] Api Request Received: messageType:GetStepValueRequest messageId:4 stepValueRequest:<stepText:"Anasayfa login kontrol edilir" > 
08-01-2021 10:06:15.693 [Gauge] [DEBUG] Sending API response: messageType:GetStepValueResponse messageId:4 stepValueResponse:<stepValue:<stepValue:"Anasayfa login kontrol edilir" parameterizedStepValue:"Anasayfa login kontrol edilir" > > 
08-01-2021 10:06:15.693 [Gauge] [DEBUG] Api Request Received: messageType:GetStepValueRequest messageId:4 stepValueRequest:<stepText:"Anasayfa login kontrol edilir" > 
08-01-2021 10:06:15.693 [Gauge] [DEBUG] Sending API response: messageType:GetStepValueResponse messageId:4 stepValueResponse:<stepValue:<stepValue:"Anasayfa login kontrol edilir" parameterizedStepValue:"Anasayfa login kontrol edilir" > > 
08-01-2021 10:06:15.693 [Gauge] [DEBUG] Api Request Received: messageType:GetStepValueRequest messageId:4 stepValueRequest:<stepText:"Kad\304\261n tab\304\261na t\304\261klan\304\261r" > 
08-01-2021 10:06:15.693 [Gauge] [DEBUG] Sending API response: messageType:GetStepValueResponse messageId:4 stepValueResponse:<stepValue:<stepValue:"Kad\304\261n tab\304\261na t\304\261klan\304\261r" parameterizedStepValue:"Kad\304\261n tab\304\261na t\304\261klan\304\261r" > > 
08-01-2021 10:06:15.694 [Gauge] [DEBUG] Api Request Received: messageType:GetStepValueRequest messageId:4 stepValueRequest:<stepText:"Erkek tab\304\261na t\304\261klan\304\261r" > 
08-01-2021 10:06:15.694 [Gauge] [DEBUG] Sending API response: messageType:GetStepValueResponse messageId:4 stepValueResponse:<stepValue:<stepValue:"Erkek tab\304\261na t\304\261klan\304\261r" parameterizedStepValue:"Erkek tab\304\261na t\304\261klan\304\261r" > > 
08-01-2021 10:06:15.694 [Gauge] [DEBUG] Api Request Received: messageType:GetStepValueRequest messageId:4 stepValueRequest:<stepText:"Kad\304\261n tab\304\261na t\304\261klan\304\261r" > 
08-01-2021 10:06:15.694 [Gauge] [DEBUG] Sending API response: messageType:GetStepValueResponse messageId:4 stepValueResponse:<stepValue:<stepValue:"Kad\304\261n tab\304\261na t\304\261klan\304\261r" parameterizedStepValue:"Kad\304\261n tab\304\261na t\304\261klan\304\261r" > > 
08-01-2021 10:06:15.694 [Gauge] [DEBUG] Api Request Received: messageType:GetStepValueRequest messageId:4 stepValueRequest:<stepText:"\303\207ocuk tab\304\261na t\304\261klan\304\261r" > 
08-01-2021 10:06:15.694 [Gauge] [DEBUG] Sending API response: messageType:GetStepValueResponse messageId:4 stepValueResponse:<stepValue:<stepValue:"\303\207ocuk tab\304\261na t\304\261klan\304\261r" parameterizedStepValue:"\303\207ocuk tab\304\261na t\304\261klan\304\261r" > > 
08-01-2021 10:06:15.695 [Gauge] [DEBUG] Api Request Received: messageType:GetStepValueRequest messageId:4 stepValueRequest:<stepText:"\303\207ocuk tab\304\261na t\304\261klan\304\261r" > 
08-01-2021 10:06:15.695 [Gauge] [DEBUG] Sending API response: messageType:GetStepValueResponse messageId:4 stepValueResponse:<stepValue:<stepValue:"\303\207ocuk tab\304\261na t\304\261klan\304\261r" parameterizedStepValue:"\303\207ocuk tab\304\261na t\304\261klan\304\261r" > > 
08-01-2021 10:06:15.695 [Gauge] [DEBUG] Api Request Received: messageType:GetStepValueRequest messageId:4 stepValueRequest:<stepText:"Supermarket tab\304\261na t\304\261klan\304\261r" > 
08-01-2021 10:06:15.696 [Gauge] [DEBUG] Sending API response: messageType:GetStepValueResponse messageId:4 stepValueResponse:<stepValue:<stepValue:"Supermarket tab\304\261na t\304\261klan\304\261r" parameterizedStepValue:"Supermarket tab\304\261na t\304\261klan\304\261r" > > 
08-01-2021 10:06:15.696 [Gauge] [DEBUG] Api Request Received: messageType:GetStepValueRequest messageId:4 stepValueRequest:<stepText:"Kozmetik tab\304\261na t\304\261klan\304\261r" > 
08-01-2021 10:06:15.696 [Gauge] [DEBUG] Sending API response: messageType:GetStepValueResponse messageId:4 stepValueResponse:<stepValue:<stepValue:"Kozmetik tab\304\261na t\304\261klan\304\261r" parameterizedStepValue:"Kozmetik tab\304\261na t\304\261klan\304\261r" > > 
08-01-2021 10:06:15.697 [Gauge] [DEBUG] Api Request Received: messageType:GetStepValueRequest messageId:4 stepValueRequest:<stepText:"Ayakkab\304\261&\303\207anta tab\304\261na t\304\261klan\304\261r" > 
08-01-2021 10:06:15.697 [Gauge] [DEBUG] Sending API response: messageType:GetStepValueResponse messageId:4 stepValueResponse:<stepValue:<stepValue:"Ayakkab\304\261&\303\207anta tab\304\261na t\304\261klan\304\261r" parameterizedStepValue:"Ayakkab\304\261&\303\207anta tab\304\261na t\304\261klan\304\261r" > > 
08-01-2021 10:06:15.697 [Gauge] [DEBUG] Api Request Received: messageType:GetStepValueRequest messageId:4 stepValueRequest:<stepText:"Saat&Aksesuar tab\304\261na t\304\261klan\304\261r" > 
08-01-2021 10:06:15.697 [Gauge] [DEBUG] Sending API response: messageType:GetStepValueResponse messageId:4 stepValueResponse:<stepValue:<stepValue:"Saat&Aksesuar tab\304\261na t\304\261klan\304\261r" parameterizedStepValue:"Saat&Aksesuar tab\304\261na t\304\261klan\304\261r" > > 
08-01-2021 10:06:15.698 [Gauge] [DEBUG] Api Request Received: messageType:GetStepValueRequest messageId:4 stepValueRequest:<stepText:"Elektronik tab\304\261na t\304\261klan\304\261r" > 
08-01-2021 10:06:15.698 [Gauge] [DEBUG] Sending API response: messageType:GetStepValueResponse messageId:4 stepValueResponse:<stepValue:<stepValue:"Elektronik tab\304\261na t\304\261klan\304\261r" parameterizedStepValue:"Elektronik tab\304\261na t\304\261klan\304\261r" > > 
08-01-2021 10:06:15.698 [Gauge] [DEBUG] Api Request Received: messageType:GetStepValueRequest messageId:4 stepValueRequest:<stepText:"<seconds> saniye bekle" > 
08-01-2021 10:06:15.698 [Gauge] [DEBUG] Sending API response: messageType:GetStepValueResponse messageId:4 stepValueResponse:<stepValue:<stepValue:"{} saniye bekle" parameterizedStepValue:"<seconds> saniye bekle" parameters:"seconds" > > 
08-01-2021 10:06:15.699 [Gauge] [DEBUG] Api Request Received: messageType:GetStepValueRequest messageId:4 stepValueRequest:<stepText:"Kad\304\261n tab\304\261n\304\261n \303\274zerine gelinir" > 
08-01-2021 10:06:15.699 [Gauge] [DEBUG] Sending API response: messageType:GetStepValueResponse messageId:4 stepValueResponse:<stepValue:<stepValue:"Kad\304\261n tab\304\261n\304\261n \303\274zerine gelinir" parameterizedStepValue:"Kad\304\261n tab\304\261n\304\261n \303\274zerine gelinir" > > 
08-01-2021 10:06:15.700 [Gauge] [DEBUG] Api Request Received: messageType:GetStepValueRequest messageId:4 stepValueRequest:<stepText:"Giyim alt\304\261nda elbise mod\303\274l\303\274ne t\304\261klan\304\261r" > 
08-01-2021 10:06:15.700 [Gauge] [DEBUG] Sending API response: messageType:GetStepValueResponse messageId:4 stepValueResponse:<stepValue:<stepValue:"Giyim alt\304\261nda elbise mod\303\274l\303\274ne t\304\261klan\304\261r" parameterizedStepValue:"Giyim alt\304\261nda elbise mod\303\274l\303\274ne t\304\261klan\304\261r" > > 
08-01-2021 10:06:15.701 [Gauge] [DEBUG] Api Request Received: messageType:GetStepValueRequest messageId:4 stepValueRequest:<stepText:"\304\260lk \303\274r\303\274ne t\304\261klan\304\261r" > 
08-01-2021 10:06:15.701 [Gauge] [DEBUG] Sending API response: messageType:GetStepValueResponse messageId:4 stepValueResponse:<stepValue:<stepValue:"\304\260lk \303\274r\303\274ne t\304\261klan\304\261r" parameterizedStepValue:"\304\260lk \303\274r\303\274ne t\304\261klan\304\261r" > > 
08-01-2021 10:06:15.702 [Gauge] [DEBUG] Api Request Received: messageType:GetStepValueRequest messageId:4 stepValueRequest:<stepText:"Sepete ekle butonuna t\304\261klan\304\261r" > 
08-01-2021 10:06:15.702 [Gauge] [DEBUG] Sending API response: messageType:GetStepValueResponse messageId:4 stepValueResponse:<stepValue:<stepValue:"Sepete ekle butonuna t\304\261klan\304\261r" parameterizedStepValue:"Sepete ekle butonuna t\304\261klan\304\261r" > > 
08-01-2021 10:06:15.925 [Gauge] [DEBUG] Api Request Received: messageType:GetStepValueRequest messageId:4 stepValueRequest:<stepText:" Eposta <eposta> ve Password <password> bilgileri ile giri\305\237 yap\304\261l\304\261r" > 
08-01-2021 10:06:15.925 [Gauge] [DEBUG] Sending API response: messageType:GetStepValueResponse messageId:4 stepValueResponse:<stepValue:<stepValue:"Eposta {} ve Password {} bilgileri ile giri\305\237 yap\304\261l\304\261r" parameterizedStepValue:"Eposta <eposta> ve Password <password> bilgileri ile giri\305\237 yap\304\261l\304\261r" parameters:"eposta" parameters:"password" > > 
08-01-2021 10:06:36.730 [Gauge] [DEBUG] Api Request Received: messageType:GetStepValueRequest messageId:4 stepValueRequest:<stepText:"* Giri\305\237 yap iconun \303\274zerine gelinir" > 
08-01-2021 10:06:36.731 [Gauge] [DEBUG] Sending API response: messageType:GetStepValueResponse messageId:4 stepValueResponse:<stepValue:<stepValue:"* Giri\305\237 yap iconun \303\274zerine gelinir" parameterizedStepValue:"* Giri\305\237 yap iconun \303\274zerine gelinir" > > 
08-01-2021 10:06:36.733 [Gauge] [DEBUG] Api Request Received: messageType:GetStepValueRequest messageId:4 stepValueRequest:<stepText:"* Password giri\305\237i <password> yap\304\261l\304\261r" > 
08-01-2021 10:06:36.733 [Gauge] [DEBUG] Sending API response: messageType:GetStepValueResponse messageId:4 stepValueResponse:<stepValue:<stepValue:"* Password giri\305\237i {} yap\304\261l\304\261r" parameterizedStepValue:"* Password giri\305\237i <password> yap\304\261l\304\261r" parameters:"password" > > 
08-01-2021 10:06:36.738 [Gauge] [DEBUG] Api Request Received: messageType:GetStepValueRequest messageId:4 stepValueRequest:<stepText:"* Giri\305\237 yap butona t\304\261klan\304\261r" > 
08-01-2021 10:06:36.738 [Gauge] [DEBUG] Sending API response: messageType:GetStepValueResponse messageId:4 stepValueResponse:<stepValue:<stepValue:"* Giri\305\237 yap butona t\304\261klan\304\261r" parameterizedStepValue:"* Giri\305\237 yap butona t\304\261klan\304\261r" > > 
08-01-2021 10:06:36.742 [Gauge] [DEBUG] Api Request Received: messageType:GetStepValueRequest messageId:4 stepValueRequest:<stepText:"* Giri\305\237teki popup kapat\304\261l\304\261r" > 
08-01-2021 10:06:36.742 [Gauge] [DEBUG] Sending API response: messageType:GetStepValueResponse messageId:4 stepValueResponse:<stepValue:<stepValue:"* Giri\305\237teki popup kapat\304\261l\304\261r" parameterizedStepValue:"* Giri\305\237teki popup kapat\304\261l\304\261r" > > 
08-01-2021 10:06:36.743 [Gauge] [DEBUG] Api Request Received: messageType:GetStepValueRequest messageId:4 stepValueRequest:<stepText:"* Anasayfa login kontrol edilir" > 
08-01-2021 10:06:36.743 [Gauge] [DEBUG] Sending API response: messageType:GetStepValueResponse messageId:4 stepValueResponse:<stepValue:<stepValue:"* Anasayfa login kontrol edilir" parameterizedStepValue:"* Anasayfa login kontrol edilir" > > 
08-01-2021 10:06:36.743 [Gauge] [DEBUG] Api Request Received: messageType:GetStepValueRequest messageId:4 stepValueRequest:<stepText:"* Login butonuna bas\304\261l\304\261r" > 
08-01-2021 10:06:36.743 [Gauge] [DEBUG] Sending API response: messageType:GetStepValueResponse messageId:4 stepValueResponse:<stepValue:<stepValue:"* Login butonuna bas\304\261l\304\261r" parameterizedStepValue:"* Login butonuna bas\304\261l\304\261r" > > 
08-01-2021 10:06:36.744 [Gauge] [DEBUG] Api Request Received: messageType:GetStepValueRequest messageId:4 stepValueRequest:<stepText:"* Login sonras\304\261 \303\247\304\261kan popup kapat\304\261l\304\261r" > 
08-01-2021 10:06:36.744 [Gauge] [DEBUG] Sending API response: messageType:GetStepValueResponse messageId:4 stepValueResponse:<stepValue:<stepValue:"* Login sonras\304\261 \303\247\304\261kan popup kapat\304\261l\304\261r" parameterizedStepValue:"* Login sonras\304\261 \303\247\304\261kan popup kapat\304\261l\304\261r" > > 
08-01-2021 10:06:36.744 [Gauge] [DEBUG] Api Request Received: messageType:GetStepValueRequest messageId:4 stepValueRequest:<stepText:"* Eposta giri\305\237i <eposta> yap\304\261l\304\261r" > 
08-01-2021 10:06:36.745 [Gauge] [DEBUG] Sending API response: messageType:GetStepValueResponse messageId:4 stepValueResponse:<stepValue:<stepValue:"* Eposta giri\305\237i {} yap\304\261l\304\261r" parameterizedStepValue:"* Eposta giri\305\237i <eposta> yap\304\261l\304\261r" parameters:"eposta" > > 
08-01-2021 10:11:04.339 [Gauge] [DEBUG] Api Request Received: messageType:GetStepValueRequest messageId:4 stepValueRequest:<stepText:"A" > 
08-01-2021 10:11:04.339 [Gauge] [DEBUG] Sending API response: messageType:GetStepValueResponse messageId:4 stepValueResponse:<stepValue:<stepValue:"A" parameterizedStepValue:"A" > > 
08-01-2021 10:11:07.846 [Gauge] [DEBUG] Api Request Received: messageType:GetStepValueRequest messageId:4 stepValueRequest:<stepText:"Arama kontrol edilir" > 
08-01-2021 10:11:07.846 [Gauge] [DEBUG] Sending API response: messageType:GetStepValueResponse messageId:4 stepValueResponse:<stepValue:<stepValue:"Arama kontrol edilir" parameterizedStepValue:"Arama kontrol edilir" > > 
08-01-2021 10:12:50.704 [Gauge] [DEBUG] Api Request Received: messageType:GetStepValueRequest messageId:4 stepValueRequest:<stepText:"Elbise aramas kontrol edilir" > 
08-01-2021 10:12:50.704 [Gauge] [DEBUG] Sending API response: messageType:GetStepValueResponse messageId:4 stepValueResponse:<stepValue:<stepValue:"Elbise aramas kontrol edilir" parameterizedStepValue:"Elbise aramas kontrol edilir" > > 
08-01-2021 10:12:51.238 [Gauge] [DEBUG] Api Request Received: messageType:GetStepValueRequest messageId:4 stepValueRequest:<stepText:"Elbise aramas\304\261 kontrol edilir" > 
08-01-2021 10:12:51.238 [Gauge] [DEBUG] Sending API response: messageType:GetStepValueResponse messageId:4 stepValueResponse:<stepValue:<stepValue:"Elbise aramas\304\261 kontrol edilir" parameterizedStepValue:"Elbise aramas\304\261 kontrol edilir" > > 
